<?xml version="1.0" encoding="UTF-8"?>
<!-- Generated by org.testng.reporters.JUnitReportReporter -->
<testsuite hostname="DESKTOP-L84C1PQ" failures="0" tests="1" name="tests.BaseClass" time="0.006" errors="0" timestamp="2020-11-24T17:46:44 IST" skipped="0">
  <testcase classname="tests.BaseClass" name="sampleTest" time="0.006"/>
  <system-out/>
</testsuite> <!-- tests.BaseClass -->
