<?xml version="1.0" encoding="UTF-8"?>
<!-- Generated by org.testng.reporters.JUnitReportReporter -->
<testsuite hostname="DESKTOP-L84C1PQ" failures="0" tests="3" name="tests.firstSearch" time="53.483" errors="0" timestamp="2020-11-27T16:34:36 IST" skipped="0">
  <testcase classname="tests.firstSearch" name="demoOrgHRM" time="31.728"/>
  <system-out/>
  <testcase classname="tests.firstSearch" name="sampleTest" time="0.010"/>
  <system-out/>
  <testcase classname="tests.firstSearch" name="searchAji" time="21.745"/>
  <system-out/>
</testsuite> <!-- tests.firstSearch -->
